[www.bidmarketing.net/index.html]
[backblue.gif]
[fade.gif]
[index.html]
[www.bidmarketing.net/img/logoo.png]
[cdnjs.cloudflare.com/ajax/libs/font-awesome/5.10.0/css/all.min.css]
[cdn.jsdelivr.net/npm/bootstrap-icons@1.4.1/font/bootstrap-icons.css]
[www.bidmarketing.net/lib/animate/animate.min.css]
[www.bidmarketing.net/lib/owlcarousel/assets/owl.carousel.min.css]
[www.bidmarketing.net/css/bootstrap.min.css]
[www.bidmarketing.net/css/style.css]
[www.bidmarketing.net/index-2.html]
[www.bidmarketing.net/about.html]
[www.bidmarketing.net/team.html]
[www.bidmarketing.net/services.html]
[www.bidmarketing.net/contact.html]
[www.bidmarketing.net/login.html]
[www.bidmarketing.net/register.html]
[www.bidmarketing.net/img/carousel-1.jpg]
[www.bidmarketing.net/img/carousel-2.jpg]
[www.bidmarketing.net/img/about.jpg]
[www.bidmarketing.net/img/team-3.jpg]
[www.bidmarketing.net/img/team-1.jpg]
[www.bidmarketing.net/img/team-4.jpg]
[www.bidmarketing.net/img/team-2.jpg]
[www.bidmarketing.net/img/course-1.jpg]
[www.bidmarketing.net/img/course-2.jpg]
[www.bidmarketing.net/img/course-3.jpg]
[www.bidmarketing.net/js/jquery.min.js]
[www.bidmarketing.net/js/bootstrap.min.js]
[www.bidmarketing.net/lib/wow/wow.min.js]
[www.bidmarketing.net/lib/easing/easing.min.js]
[www.bidmarketing.net/lib/waypoints/waypoints.min.js]
[www.bidmarketing.net/lib/owlcarousel/owl.carousel.min.js]
[www.bidmarketing.net/index.html]
[cdnjs.cloudflare.com/ajax/libs/font-awesome/5.10.0/css/all.min.css]
[www.bidmarketing.net/js/main.js]
[cdn.jsdelivr.net/npm/bootstrap-icons@1.4.1/font/fonts/bootstrap-iconsfb95.woff2]
[cdn.jsdelivr.net/npm/bootstrap-icons@1.4.1/font/fonts/bootstrap-iconsfb95.woff]
[cdn.jsdelivr.net/npm/bootstrap-icons@1.4.1/font/bootstrap-icons.css]
[www.bidmarketing.net/lib/animate/animate.min.css]
[www.bidmarketing.net/lib/owlcarousel/assets/owl.video.play.png]
[www.bidmarketing.net/lib/owlcarousel/assets/owl.carousel.min.css]
[www.bidmarketing.net/css/bootstrap.min.css]
[www.bidmarketing.net/css/style.css]
[www.bidmarketing.net/index-2.html]
[www.bidmarketing.net/img/favicon.ico]
[code.jquery.com/jquery-3.4.1.min.js]
[www.bidmarketing.net/about.html]
[www.bidmarketing.net/team.html]
[www.bidmarketing.net/services.html]
[www.bidmarketing.net/contact.html]
[www.bidmarketing.net/login.html]
[www.bidmarketing.net/register.html]
[www.bidmarketing.net/js/jquery.min.js]
[www.bidmarketing.net/js/bootstrap.min.js]
[www.bidmarketing.net/lib/wow/wow.min.js]
[www.bidmarketing.net/lib/easing/easing.min.js]
[www.bidmarketing.net/lib/waypoints/waypoints.min.js]
[www.bidmarketing.net/lib/owlcarousel/owl.carousel.min.js]
[www.bidmarketing.net/js/main.js]
[cdn.jsdelivr.net/npm/bootstrap@5.0.0/dist/js/bootstrap.bundle.min.js]
[www.bidmarketing.net/img/favicon.html]
